<?xml version="1.0" encoding="UTF-8"?>
<robot generator="Robot 4.0.2 (Python 3.9.5 on win32)" generated="20210514 02:46:40.357" rpa="false" schemaversion="2">
<suite id="s1" name="Test" source="C:\Cursos\QANinjaAcademy\hello-robot-python\test.robot">
<test id="s1-t1" name="Deve retornar mensagens de boas vindas">
<kw name="Welcome" library="app">
<var>${result}</var>
<arg>Marisa</arg>
<msg timestamp="20210514 02:46:40.389" level="INFO">${result} = Olá Marisa, seja Bem vinda ao Projeto hello-robot-python!</msg>
<status status="PASS" starttime="20210514 02:46:40.389" endtime="20210514 02:46:40.389"/>
</kw>
<kw name="Should Be Equal" library="BuiltIn">
<arg>${result}</arg>
<arg>Olá Marisa, seja Bem vinda ao Projeto hello-robot-python!</arg>
<doc>Fails if the given objects are unequal.</doc>
<status status="PASS" starttime="20210514 02:46:40.389" endtime="20210514 02:46:40.389"/>
</kw>
<status status="PASS" starttime="20210514 02:46:40.389" endtime="20210514 02:46:40.389"/>
</test>
<status status="PASS" starttime="20210514 02:46:40.357" endtime="20210514 02:46:40.389"/>
</suite>
<statistics>
<total>
<stat pass="1" fail="0" skip="0">All Tests</stat>
</total>
<tag>
</tag>
<suite>
<stat pass="1" fail="0" skip="0" id="s1" name="Test">Test</stat>
</suite>
</statistics>
<errors>
</errors>
</robot>
